2023-11-10 12:53:36.768  INFO 8088 --- [main] com.example.Application                  : Starting Application on LAPTOP-6RSU4EAJ with PID 8088 (D:\code\duckManagementSystem\target\classes started by white in D:\code\duckManagementSystem)
2023-11-10 12:53:36.784  INFO 8088 --- [main] com.example.Application                  : No active profile set, falling back to default profiles: default
2023-11-10 12:53:37.121  WARN 8088 --- [main] o.m.s.mapper.ClassPathMapperScanner      : No MyBatis mapper was found in '[com.example]' package. Please check your configuration.
2023-11-10 12:53:37.468  INFO 8088 --- [main] o.s.b.w.embedded.tomcat.TomcatWebServer  : Tomcat initialized with port(s): 8888 (http)
2023-11-10 12:53:37.468  INFO 8088 --- [main] o.apache.catalina.core.StandardService   : Starting service [Tomcat]
2023-11-10 12:53:37.468  INFO 8088 --- [main] org.apache.catalina.core.StandardEngine  : Starting Servlet Engine: Apache Tomcat/9.0.12
2023-11-10 12:53:37.468  INFO 8088 --- [main] o.a.catalina.core.AprLifecycleListener   : The APR based Apache Tomcat Native library which allows optimal performance in production environments was not found on the java.library.path: [C:\Program Files\Java\jdk-1.8\bin;C:\WINDOWS\Sun\Java\bin;C:\WINDOWS\system32;C:\WINDOWS;D:\VMare\bin\;C:\Program Files\Java\jdk-1.8\bin;C:\WINDOWS\system32;C:\WINDOWS;C:\WINDOWS\System32\Wbem;C:\WINDOWS\System32\WindowsPowerShell\v1.0\;C:\WINDOWS\System32\OpenSSH\;D:\EDGE_download\mingw\bin;C:\Users\white\AppData\Local\Microsoft\WindowsApps;C:\Program Files\Git\cmd;C:\Program Files\dotnet\;C:\Program Files\MySQL\MySQL Server 8.0\bin;D:\program\node.js\;D:\program\node.js;D:\program\node.js\node_cache;D:\program\node.js\node_global;D:\program\Xshell\;D:\program\Xftp\;C:\Users\white\AppData\Local\Programs\Python\Python312\Scripts\;C:\Users\white\AppData\Local\Programs\Python\Python312\;D:\program\Scripts\;D:\program\;C:\Users\white\AppData\Local\Programs\Python\Python310\Scripts\;C:\Users\white\AppData\Local\Programs\Python\Python310\;C:\Users\white\AppData\Local\Microsoft\WindowsApps;D:\program\Microsoft VS Code\bin;D:\for_internet\Fiddler;D:\program\apache-maven-3.9.5\bin;C:\Users\white\AppData\Roaming\npm;.]
2023-11-10 12:53:37.546  INFO 8088 --- [main] o.a.c.c.C.[Tomcat].[localhost].[/]       : Initializing Spring embedded WebApplicationContext
2023-11-10 12:53:37.546  INFO 8088 --- [main] o.s.web.context.ContextLoader            : Root WebApplicationContext: initialization completed in 746 ms
2023-11-10 12:53:37.562  INFO 8088 --- [main] o.s.b.w.servlet.ServletRegistrationBean  : Servlet dispatcherServlet mapped to [/]
2023-11-10 12:53:37.563  INFO 8088 --- [main] o.s.b.w.servlet.FilterRegistrationBean   : Mapping filter: 'characterEncodingFilter' to: [/*]
2023-11-10 12:53:37.563  INFO 8088 --- [main] o.s.b.w.servlet.FilterRegistrationBean   : Mapping filter: 'hiddenHttpMethodFilter' to: [/*]
2023-11-10 12:53:37.563  INFO 8088 --- [main] o.s.b.w.servlet.FilterRegistrationBean   : Mapping filter: 'formContentFilter' to: [/*]
2023-11-10 12:53:37.563  INFO 8088 --- [main] o.s.b.w.servlet.FilterRegistrationBean   : Mapping filter: 'requestContextFilter' to: [/*]
2023-11-10 12:53:38.005  INFO 8088 --- [main] o.s.s.concurrent.ThreadPoolTaskExecutor  : Initializing ExecutorService 'applicationTaskExecutor'
2023-11-10 12:53:38.179  INFO 8088 --- [main] o.s.b.w.embedded.tomcat.TomcatWebServer  : Tomcat started on port(s): 8888 (http) with context path ''
2023-11-10 12:53:38.179  INFO 8088 --- [main] com.example.Application                  : Started Application in 1.663 seconds (JVM running for 3.229)
2023-11-10 12:53:38.179  INFO 8088 --- [main] com.example.common.config.OpenBrowser    : 项目启动成功……
2023-11-10 12:53:38.373  INFO 8088 --- [http-nio-8888-exec-1] o.a.c.c.C.[Tomcat].[localhost].[/]       : Initializing Spring DispatcherServlet 'dispatcherServlet'
2023-11-10 12:53:38.373  INFO 8088 --- [http-nio-8888-exec-1] o.s.web.servlet.DispatcherServlet        : Initializing Servlet 'dispatcherServlet'
2023-11-10 12:53:38.373  INFO 8088 --- [http-nio-8888-exec-1] o.s.web.servlet.DispatcherServlet        : Completed initialization in 0 ms
2023-11-10 12:53:48.436  INFO 8088 --- [http-nio-8888-exec-2] com.zaxxer.hikari.HikariDataSource       : HikariPool-1 - Starting...
2023-11-10 12:53:48.517  INFO 8088 --- [http-nio-8888-exec-2] com.zaxxer.hikari.HikariDataSource       : HikariPool-1 - Start completed.
2023-11-10 13:13:54.934  INFO 8088 --- [Thread-3] o.s.s.concurrent.ThreadPoolTaskExecutor  : Shutting down ExecutorService 'applicationTaskExecutor'
2023-11-10 13:13:54.934  INFO 8088 --- [Thread-3] com.zaxxer.hikari.HikariDataSource       : HikariPool-1 - Shutdown initiated...
2023-11-10 13:13:54.949  INFO 8088 --- [Thread-3] com.zaxxer.hikari.HikariDataSource       : HikariPool-1 - Shutdown completed.
